
=============================== Log Started [2026-01-27 20:05:48 GMT] ===============================
[2026-01-27 20:05:48,615:     agent.fmClient Instal]:     INFO - Using FM Client version: 5.2.9-beta
[2026-01-27 20:05:48,615:     agent.fmClient Instal]:     INFO - Attempting to log into AHM as fain-premium|trader03@d002
[2026-01-27 20:05:49,083:     agent.fmClient Instal]:     INFO - Establishing realtime WebSocket connection to AHM
[2026-01-27 20:05:49,362:     agent.fmClient Instal]:     INFO - Requesting initial information for marketplace `1515`
[2026-01-27 20:05:49,450:     ws.FM.fmClient Instal]:     INFO - Connected to AHM Server tcp4:54.235.77.118:443
[2026-01-27 20:05:49,754:     agent.fmClient Instal]:     INFO - Initialisation complete. Received marketplace information.
[2026-01-27 20:05:49,755:     agent.fmClient Instal]:     INFO - I am fmClient Installed Test Robot(User(51570,Trader,03,trader03@d002,[USER]))
[2026-01-27 20:05:49,755:     agent.fmClient Instal]:     INFO - ---------- Test robot successfully ran ----------
[2026-01-27 20:05:49,755:     agent.fmClient Instal]:     INFO - I have been asked to stop! [94m[1m:-([0m
[2026-01-27 20:05:51,756:     agent.fmClient Instal]:     INFO - Shutting Down

=============================== Log Started [2026-01-27 20:47:26 GMT] ===============================
[2026-01-27 20:47:26,277:     agent.fmClient Instal]:     INFO - Using FM Client version: 5.2.9-beta
[2026-01-27 20:47:26,278:     agent.fmClient Instal]:     INFO - Attempting to log into AHM as fain-premium|trader03@d002
[2026-01-27 20:47:26,753:     agent.fmClient Instal]:     INFO - Establishing realtime WebSocket connection to AHM
[2026-01-27 20:47:27,035:     agent.fmClient Instal]:     INFO - Requesting initial information for marketplace `1515`
[2026-01-27 20:47:27,123:     ws.FM.fmClient Instal]:     INFO - Connected to AHM Server tcp4:54.235.77.118:443
[2026-01-27 20:47:27,379:     agent.fmClient Instal]:     INFO - Initialisation complete. Received marketplace information.
[2026-01-27 20:47:27,379:     agent.fmClient Instal]:     INFO - I am fmClient Installed Test Robot(User(51570,Trader,03,trader03@d002,[USER]))
[2026-01-27 20:47:27,379:     agent.fmClient Instal]:     INFO - ---------- Test robot successfully ran ----------
[2026-01-27 20:47:27,379:     agent.fmClient Instal]:     INFO - I have been asked to stop! [94m[1m:-([0m
[2026-01-27 20:47:29,381:     agent.fmClient Instal]:     INFO - Shutting Down

=============================== Log Started [2026-01-27 20:53:06 GMT] ===============================
[2026-01-27 20:53:06,973:     agent.fmClient Instal]:     INFO - Using FM Client version: 5.2.9-beta
[2026-01-27 20:53:06,974:     agent.fmClient Instal]:     INFO - Attempting to log into AHM as fain-premium|trader03@d002
[2026-01-27 20:53:07,497:     agent.fmClient Instal]:     INFO - Establishing realtime WebSocket connection to AHM
[2026-01-27 20:53:07,779:     agent.fmClient Instal]:     INFO - Requesting initial information for marketplace `1515`
[2026-01-27 20:53:07,866:     ws.FM.fmClient Instal]:     INFO - Connected to AHM Server tcp4:18.211.231.38:443
[2026-01-27 20:53:08,170:     agent.fmClient Instal]:     INFO - Initialisation complete. Received marketplace information.
[2026-01-27 20:53:08,171:     agent.fmClient Instal]:     INFO - I am fmClient Installed Test Robot(User(51570,Trader,03,trader03@d002,[USER]))
[2026-01-27 20:53:08,171:     agent.fmClient Instal]:     INFO - ---------- Test robot successfully ran ----------
[2026-01-27 20:53:08,171:     agent.fmClient Instal]:     INFO - I have been asked to stop! [94m[1m:-([0m
[2026-01-27 20:53:10,173:     agent.fmClient Instal]:     INFO - Shutting Down
